app/build/intermediates/manifest_merge_blame_file/debug/manifest-merger-blame-debug-report.txt
1<?xml version="1.0" encoding="utf-8"?>
2<manifest xmlns:android="http://schemas.android.com/apk/res/android"
3    package="com.efsoft.hangmedia"
4    android:versionCode="27"
5    android:versionName="3.3" >
6
7    <uses-sdk
8        android:minSdkVersion="19"
8-->src\main\AndroidManifest.xml
9        android:targetSdkVersion="30" />
9-->src\main\AndroidManifest.xml
10
11    <uses-permission android:name="android.permission.INTERNET" />
11-->src\main\AndroidManifest.xml:7:5-67
11-->src\main\AndroidManifest.xml:7:22-64
12    <uses-permission android:name="android.permission.ACCESS_COARSE_LOCATION" />
12-->src\main\AndroidManifest.xml:8:5-81
12-->src\main\AndroidManifest.xml:8:22-78
13    <uses-permission android:name="android.permission.ACCESS_FINE_LOCATION" />
13-->src\main\AndroidManifest.xml:9:5-79
13-->src\main\AndroidManifest.xml:9:22-76
14    <uses-permission android:name="android.permission.ACCESS_NETWORK_STATE" />
14-->src\main\AndroidManifest.xml:10:5-79
14-->src\main\AndroidManifest.xml:10:22-76
15    <uses-permission android:name="android.permission.VIBRATE" />
15-->src\main\AndroidManifest.xml:11:5-66
15-->src\main\AndroidManifest.xml:11:22-63
16    <uses-permission android:name="android.permission.BLUETOOTH" />
16-->src\main\AndroidManifest.xml:12:5-68
16-->src\main\AndroidManifest.xml:12:22-65
17    <uses-permission android:name="android.permission.FOREGROUND_SERVICE" />
17-->src\main\AndroidManifest.xml:13:5-77
17-->src\main\AndroidManifest.xml:13:22-74
18    <uses-permission android:name="android.permission.WAKE_LOCK" />
18-->src\main\AndroidManifest.xml:14:5-68
18-->src\main\AndroidManifest.xml:14:22-65
19    <uses-permission android:name="android.permission.START_SERVICE_AFTER" />
19-->src\main\AndroidManifest.xml:15:5-77
19-->src\main\AndroidManifest.xml:15:22-75
20
21    <permission android:name="android.permission.MEDIA_CONTENT_CONTROL" />
21-->src\main\AndroidManifest.xml:17:5-75
21-->src\main\AndroidManifest.xml:17:17-72
22
23    <!-- Create a unique permission for your app and use it so only your app can receive your OneSignal messages. -->
24    <permission
24-->[com.onesignal:OneSignal:3.14.0] AndroidManifest.xml:7:5-9:47
25        android:name="com.efsoft.hangmedia.permission.C2D_MESSAGE"
25-->[com.onesignal:OneSignal:3.14.0] AndroidManifest.xml:8:9-63
26        android:protectionLevel="signature" />
26-->[com.onesignal:OneSignal:3.14.0] AndroidManifest.xml:9:9-44
27
28    <uses-permission android:name="com.efsoft.hangmedia.permission.C2D_MESSAGE" />
28-->[com.onesignal:OneSignal:3.14.0] AndroidManifest.xml:11:5-79
28-->[com.onesignal:OneSignal:3.14.0] AndroidManifest.xml:11:22-76
29    <uses-permission android:name="com.google.android.c2dm.permission.RECEIVE" />
29-->[com.onesignal:OneSignal:3.14.0] AndroidManifest.xml:17:5-82
29-->[com.onesignal:OneSignal:3.14.0] AndroidManifest.xml:17:22-79
30    <!--
31 Use to restore notifications the user hasn't interacted with.
32         They could be missed notifications if the user reboots their device if this isn't in place.
33    -->
34    <uses-permission android:name="android.permission.RECEIVE_BOOT_COMPLETED" /> <!-- START: ShortcutBadger -->
34-->[com.onesignal:OneSignal:3.14.0] AndroidManifest.xml:29:5-81
34-->[com.onesignal:OneSignal:3.14.0] AndroidManifest.xml:29:22-78
35    <!-- Samsung -->
36    <uses-permission android:name="com.sec.android.provider.badge.permission.READ" />
36-->[com.onesignal:OneSignal:3.14.0] AndroidManifest.xml:31:5-86
36-->[com.onesignal:OneSignal:3.14.0] AndroidManifest.xml:31:22-83
37    <uses-permission android:name="com.sec.android.provider.badge.permission.WRITE" /> <!-- HTC -->
37-->[com.onesignal:OneSignal:3.14.0] AndroidManifest.xml:32:5-87
37-->[com.onesignal:OneSignal:3.14.0] AndroidManifest.xml:32:22-84
38    <uses-permission android:name="com.htc.launcher.permission.READ_SETTINGS" />
38-->[com.onesignal:OneSignal:3.14.0] AndroidManifest.xml:33:5-81
38-->[com.onesignal:OneSignal:3.14.0] AndroidManifest.xml:33:22-78
39    <uses-permission android:name="com.htc.launcher.permission.UPDATE_SHORTCUT" /> <!-- Sony -->
39-->[com.onesignal:OneSignal:3.14.0] AndroidManifest.xml:34:5-83
39-->[com.onesignal:OneSignal:3.14.0] AndroidManifest.xml:34:22-80
40    <uses-permission android:name="com.sonyericsson.home.permission.BROADCAST_BADGE" />
40-->[com.onesignal:OneSignal:3.14.0] AndroidManifest.xml:35:5-88
40-->[com.onesignal:OneSignal:3.14.0] AndroidManifest.xml:35:22-85
41    <uses-permission android:name="com.sonymobile.home.permission.PROVIDER_INSERT_BADGE" /> <!-- Apex -->
41-->[com.onesignal:OneSignal:3.14.0] AndroidManifest.xml:36:5-92
41-->[com.onesignal:OneSignal:3.14.0] AndroidManifest.xml:36:22-89
42    <uses-permission android:name="com.anddoes.launcher.permission.UPDATE_COUNT" /> <!-- Solid -->
42-->[com.onesignal:OneSignal:3.14.0] AndroidManifest.xml:37:5-84
42-->[com.onesignal:OneSignal:3.14.0] AndroidManifest.xml:37:22-81
43    <uses-permission android:name="com.majeur.launcher.permission.UPDATE_BADGE" /> <!-- Huawei -->
43-->[com.onesignal:OneSignal:3.14.0] AndroidManifest.xml:38:5-83
43-->[com.onesignal:OneSignal:3.14.0] AndroidManifest.xml:38:22-80
44    <uses-permission android:name="com.huawei.android.launcher.permission.CHANGE_BADGE" />
44-->[com.onesignal:OneSignal:3.14.0] AndroidManifest.xml:39:5-91
44-->[com.onesignal:OneSignal:3.14.0] AndroidManifest.xml:39:22-88
45    <uses-permission android:name="com.huawei.android.launcher.permission.READ_SETTINGS" />
45-->[com.onesignal:OneSignal:3.14.0] AndroidManifest.xml:40:5-92
45-->[com.onesignal:OneSignal:3.14.0] AndroidManifest.xml:40:22-89
46    <uses-permission android:name="com.huawei.android.launcher.permission.WRITE_SETTINGS" /> <!-- ZUK -->
46-->[com.onesignal:OneSignal:3.14.0] AndroidManifest.xml:41:5-93
46-->[com.onesignal:OneSignal:3.14.0] AndroidManifest.xml:41:22-90
47    <uses-permission android:name="android.permission.READ_APP_BADGE" /> <!-- OPPO -->
47-->[com.onesignal:OneSignal:3.14.0] AndroidManifest.xml:42:5-73
47-->[com.onesignal:OneSignal:3.14.0] AndroidManifest.xml:42:22-70
48    <uses-permission android:name="com.oppo.launcher.permission.READ_SETTINGS" />
48-->[com.onesignal:OneSignal:3.14.0] AndroidManifest.xml:43:5-82
48-->[com.onesignal:OneSignal:3.14.0] AndroidManifest.xml:43:22-79
49    <uses-permission android:name="com.oppo.launcher.permission.WRITE_SETTINGS" /> <!-- EvMe -->
49-->[com.onesignal:OneSignal:3.14.0] AndroidManifest.xml:44:5-83
49-->[com.onesignal:OneSignal:3.14.0] AndroidManifest.xml:44:22-80
50    <uses-permission android:name="me.everything.badger.permission.BADGE_COUNT_READ" />
50-->[com.onesignal:OneSignal:3.14.0] AndroidManifest.xml:45:5-88
50-->[com.onesignal:OneSignal:3.14.0] AndroidManifest.xml:45:22-85
51    <uses-permission android:name="me.everything.badger.permission.BADGE_COUNT_WRITE" />
51-->[com.onesignal:OneSignal:3.14.0] AndroidManifest.xml:46:5-89
51-->[com.onesignal:OneSignal:3.14.0] AndroidManifest.xml:46:22-86
52    <uses-permission android:name="com.google.android.finsky.permission.BIND_GET_INSTALL_REFERRER_SERVICE" />
52-->[com.google.android.gms:play-services-measurement:17.0.0] AndroidManifest.xml:26:5-110
52-->[com.google.android.gms:play-services-measurement:17.0.0] AndroidManifest.xml:26:22-107
53
54    <application
54-->src\main\AndroidManifest.xml:19:5-155:19
55        android:name="com.efsoft.hangmedia.hangtv.youtubeplaylist.MyApplication"
55-->src\main\AndroidManifest.xml:20:9-61
56        android:allowBackup="true"
56-->src\main\AndroidManifest.xml:21:9-35
57        android:appComponentFactory="androidx.core.app.CoreComponentFactory"
57-->[androidx.core:core:1.1.0] AndroidManifest.xml:24:18-86
58        android:debuggable="true"
59        android:hardwareAccelerated="true"
59-->src\main\AndroidManifest.xml:22:9-43
60        android:icon="@drawable/hang_fm_logo"
60-->src\main\AndroidManifest.xml:23:9-46
61        android:label="@string/app_name"
61-->src\main\AndroidManifest.xml:24:9-41
62        android:supportsRtl="true"
62-->src\main\AndroidManifest.xml:25:9-35
63        android:testOnly="true"
64        android:theme="@style/AppTheme.NoTitle"
64-->src\main\AndroidManifest.xml:26:9-48
65        android:usesCleartextTraffic="true" >
65-->src\main\AndroidManifest.xml:27:9-44
66        <activity android:name="com.efsoft.hangmedia.activity.ProgramHomeActivity" />
66-->src\main\AndroidManifest.xml:29:9-66
66-->src\main\AndroidManifest.xml:29:19-63
67        <activity android:name="com.efsoft.hangmedia.activity.AtkjListActivity" />
67-->src\main\AndroidManifest.xml:30:9-63
67-->src\main\AndroidManifest.xml:30:19-60
68        <activity android:name="com.efsoft.hangmedia.activity.CompanyProfileActivity" />
68-->src\main\AndroidManifest.xml:31:9-69
68-->src\main\AndroidManifest.xml:31:19-66
69        <activity android:name="com.efsoft.hangmedia.activity.AtkjSoundActivity" />
69-->src\main\AndroidManifest.xml:32:9-64
69-->src\main\AndroidManifest.xml:32:19-61
70        <activity android:name="com.efsoft.hangmedia.activity.DetailDonasiActivity" />
70-->src\main\AndroidManifest.xml:33:9-67
70-->src\main\AndroidManifest.xml:33:19-64
71        <activity android:name="com.efsoft.hangmedia.activity.Program2Activity" />
71-->src\main\AndroidManifest.xml:34:9-63
71-->src\main\AndroidManifest.xml:34:19-60
72        <activity android:name="com.efsoft.hangmedia.activity.JadwalShalatActivity" />
72-->src\main\AndroidManifest.xml:35:9-67
72-->src\main\AndroidManifest.xml:35:19-64
73        <activity android:name="com.efsoft.hangmedia.SplashActivity" >
73-->src\main\AndroidManifest.xml:36:9-42:20
73-->src\main\AndroidManifest.xml:36:19-49
74            <intent-filter>
74-->src\main\AndroidManifest.xml:37:13-41:29
75                <action android:name="android.intent.action.MAIN" />
75-->src\main\AndroidManifest.xml:38:17-69
75-->src\main\AndroidManifest.xml:38:25-66
76
77                <category android:name="android.intent.category.LAUNCHER" />
77-->src\main\AndroidManifest.xml:40:17-77
77-->src\main\AndroidManifest.xml:40:27-74
78            </intent-filter>
79        </activity>
80        <activity
80-->src\main\AndroidManifest.xml:43:9-46:55
81            android:name="com.efsoft.hangmedia.activity.HomeActivity"
81-->src\main\AndroidManifest.xml:44:13-50
82            android:configChanges="orientation|keyboardHidden|screenSize"
82-->src\main\AndroidManifest.xml:45:13-74
83            android:windowSoftInputMode="adjustPan" />
83-->src\main\AndroidManifest.xml:46:13-52
84        <activity
84-->src\main\AndroidManifest.xml:47:9-51:55
85            android:name="com.efsoft.hangmedia.hangtv.youtubeplaylist.MainActivity"
85-->src\main\AndroidManifest.xml:48:13-64
86            android:configChanges="orientation|keyboardHidden|screenSize"
86-->src\main\AndroidManifest.xml:49:13-74
87            android:theme="@style/AppThemeTv"
87-->src\main\AndroidManifest.xml:50:13-46
88            android:windowSoftInputMode="adjustPan" />
88-->src\main\AndroidManifest.xml:51:13-52
89        <activity
89-->src\main\AndroidManifest.xml:52:9-55:59
90            android:name="com.efsoft.hangmedia.hangtv.youtubeplaylist.CategoryItemActivity"
90-->src\main\AndroidManifest.xml:53:13-72
91            android:configChanges="orientation|keyboardHidden|screenSize"
91-->src\main\AndroidManifest.xml:54:13-74
92            android:theme="@style/AppTheme.NoActionBar" />
92-->src\main\AndroidManifest.xml:55:13-56
93        <activity
93-->src\main\AndroidManifest.xml:56:9-59:59
94            android:name="com.efsoft.hangmedia.hangtv.youtubeplaylist.MoreActivity"
94-->src\main\AndroidManifest.xml:57:13-64
95            android:configChanges="orientation|keyboardHidden|screenSize"
95-->src\main\AndroidManifest.xml:58:13-74
96            android:theme="@style/AppTheme.NoActionBar" />
96-->src\main\AndroidManifest.xml:59:13-56
97        <activity
97-->src\main\AndroidManifest.xml:60:9-63:59
98            android:name="com.efsoft.hangmedia.hangtv.youtubeplaylist.PlayListActivity"
98-->src\main\AndroidManifest.xml:61:13-68
99            android:configChanges="orientation|keyboardHidden|screenSize"
99-->src\main\AndroidManifest.xml:62:13-74
100            android:theme="@style/AppTheme.NoActionBar" />
100-->src\main\AndroidManifest.xml:63:13-56
101        <activity
101-->src\main\AndroidManifest.xml:64:9-66:77
102            android:name="com.efsoft.hangmedia.hangtv.youtubeplaylist.SearchActivity"
102-->src\main\AndroidManifest.xml:65:13-66
103            android:configChanges="orientation|keyboardHidden|screenSize" />
103-->src\main\AndroidManifest.xml:66:13-74
104        <activity
104-->src\main\AndroidManifest.xml:67:9-71:59
105            android:name="com.efsoft.hangmedia.hangtv.youtubeplaylist.YtPlayActivity"
105-->src\main\AndroidManifest.xml:68:13-66
106            android:configChanges="orientation|screenSize"
106-->src\main\AndroidManifest.xml:69:13-59
107            android:screenOrientation="sensor"
107-->src\main\AndroidManifest.xml:70:13-47
108            android:theme="@style/AppTheme.NoActionBar" />
108-->src\main\AndroidManifest.xml:71:13-56
109        <activity
109-->src\main\AndroidManifest.xml:72:9-76:59
110            android:name="com.efsoft.hangmedia.hangtv.youtubeplaylist.YoutubePlay"
110-->src\main\AndroidManifest.xml:73:13-63
111            android:configChanges="orientation|screenSize"
111-->src\main\AndroidManifest.xml:74:13-59
112            android:screenOrientation="sensor"
112-->src\main\AndroidManifest.xml:75:13-47
113            android:theme="@style/AppTheme.NoActionBar" />
113-->src\main\AndroidManifest.xml:76:13-56
114        <activity android:name="com.efsoft.hangmedia.hangtv.youtubeplaylist.SplashTvActivity" /> <!-- No Action Bar Activity -->
114-->src\main\AndroidManifest.xml:77:9-77
114-->src\main\AndroidManifest.xml:77:19-74
115        <activity
115-->src\main\AndroidManifest.xml:78:9-80:59
116            android:name="com.efsoft.hangmedia.activity.ProgramScheduleActivity"
116-->src\main\AndroidManifest.xml:79:13-61
117            android:theme="@style/AppTheme.NoActionBar" />
117-->src\main\AndroidManifest.xml:80:13-56
118        <activity
118-->src\main\AndroidManifest.xml:81:9-97:20
119            android:name="com.efsoft.hangmedia.radio.RadioStreamActivity"
119-->src\main\AndroidManifest.xml:82:13-54
120            android:configChanges="orientation|keyboardHidden|screenSize"
120-->src\main\AndroidManifest.xml:84:13-74
121            android:label="@string/app_name"
121-->src\main\AndroidManifest.xml:83:13-45
122            android:theme="@style/AppTheme.NoActionBar" >
122-->src\main\AndroidManifest.xml:85:13-56
123            <intent-filter>
123-->src\main\AndroidManifest.xml:86:13-96:29
124                <action android:name="android.intent.action.VIEW" />
124-->src\main\AndroidManifest.xml:87:17-69
124-->src\main\AndroidManifest.xml:87:25-66
125
126                <category android:name="android.intent.category.DEFAULT" />
126-->src\main\AndroidManifest.xml:89:17-76
126-->src\main\AndroidManifest.xml:89:27-73
127                <category android:name="android.intent.category.BROWSABLE" />
127-->src\main\AndroidManifest.xml:90:17-78
127-->src\main\AndroidManifest.xml:90:27-75
128
129                <data
129-->src\main\AndroidManifest.xml:92:17-95:56
130                    android:host="tiviapi.online"
130-->src\main\AndroidManifest.xml:94:21-50
131                    android:pathPrefix="/hangmobile"
131-->src\main\AndroidManifest.xml:95:21-53
132                    android:scheme="http" />
132-->src\main\AndroidManifest.xml:93:21-42
133            </intent-filter>
134        </activity>
135        <activity
135-->src\main\AndroidManifest.xml:98:9-112:20
136            android:name="com.efsoft.hangmedia.activity.WebViewActivity"
136-->src\main\AndroidManifest.xml:99:13-53
137            android:theme="@style/AppTheme.NoActionBar" >
137-->src\main\AndroidManifest.xml:100:13-56
138            <intent-filter>
138-->src\main\AndroidManifest.xml:101:13-111:29
139                <action android:name="android.intent.action.VIEW" />
139-->src\main\AndroidManifest.xml:87:17-69
139-->src\main\AndroidManifest.xml:87:25-66
140
141                <category android:name="android.intent.category.DEFAULT" />
141-->src\main\AndroidManifest.xml:89:17-76
141-->src\main\AndroidManifest.xml:89:27-73
142                <category android:name="android.intent.category.BROWSABLE" />
142-->src\main\AndroidManifest.xml:90:17-78
142-->src\main\AndroidManifest.xml:90:27-75
143
144                <data
144-->src\main\AndroidManifest.xml:92:17-95:56
145                    android:host="today.hangmobile.site"
145-->src\main\AndroidManifest.xml:94:21-50
146                    android:pathPrefix="/artikel"
146-->src\main\AndroidManifest.xml:95:21-53
147                    android:scheme="https" />
147-->src\main\AndroidManifest.xml:93:21-42
148            </intent-filter>
149        </activity> <!-- Receiver and Service -->
150        <receiver android:name="com.efsoft.hangmedia.background.TelephonyManagerReceiver" >
150-->src\main\AndroidManifest.xml:113:9-117:20
150-->src\main\AndroidManifest.xml:113:19-70
151            <intent-filter>
151-->src\main\AndroidManifest.xml:114:13-116:29
152                <action android:name="android.intent.action.PHONE_STATE" />
152-->src\main\AndroidManifest.xml:115:17-76
152-->src\main\AndroidManifest.xml:115:25-73
153            </intent-filter>
154        </receiver>
155        <receiver android:name="com.efsoft.hangmedia.background.HeadsetReceiver" >
155-->src\main\AndroidManifest.xml:118:9-122:20
155-->src\main\AndroidManifest.xml:118:19-61
156            <intent-filter>
156-->src\main\AndroidManifest.xml:119:13-121:29
157                <action android:name="android.intent.action.HEADSET_PLUG" />
157-->src\main\AndroidManifest.xml:120:17-77
157-->src\main\AndroidManifest.xml:120:25-74
158            </intent-filter>
159        </receiver>
160        <receiver android:name="com.efsoft.hangmedia.notification.ActionReceiver" />
160-->src\main\AndroidManifest.xml:123:9-65
160-->src\main\AndroidManifest.xml:123:19-62
161        <receiver android:name="com.efsoft.hangmedia.notification.AtkjNotifReceiver" />
161-->src\main\AndroidManifest.xml:124:9-68
161-->src\main\AndroidManifest.xml:124:19-65
162        <receiver
162-->src\main\AndroidManifest.xml:125:9-127:38
163            android:name="com.efsoft.hangmedia.notification.AlarmReceiver"
163-->src\main\AndroidManifest.xml:126:13-55
164            android:enabled="true" />
164-->src\main\AndroidManifest.xml:127:13-35
165        <receiver
165-->src\main\AndroidManifest.xml:129:9-136:20
166            android:name="com.efsoft.hangmedia.background.AlarmBroadcast"
166-->src\main\AndroidManifest.xml:130:13-54
167            android:exported="true"
167-->src\main\AndroidManifest.xml:131:13-36
168            android:permission="android.permission.START_SERVICE_AFTER" >
168-->src\main\AndroidManifest.xml:132:13-72
169            <intent-filter>
169-->src\main\AndroidManifest.xml:133:13-135:29
170                <action android:name="com.android.ServiceStopped" />
170-->src\main\AndroidManifest.xml:134:17-68
170-->src\main\AndroidManifest.xml:134:25-66
171            </intent-filter>
172        </receiver>
173
174        <service android:name="com.efsoft.hangmedia.background.ForegroundService" />
174-->src\main\AndroidManifest.xml:138:9-65
174-->src\main\AndroidManifest.xml:138:18-62
175        <service android:name="com.efsoft.hangmedia.background.PrayTimeService" />
175-->src\main\AndroidManifest.xml:139:9-63
175-->src\main\AndroidManifest.xml:139:18-60
176
177        <!-- Meta Data and Library -->
178        <meta-data
178-->src\main\AndroidManifest.xml:142:9-144:39
179            android:name="com.onesignal.NotificationOpened.DEFAULT"
179-->src\main\AndroidManifest.xml:143:13-68
180            android:value="DISABLE" />
180-->src\main\AndroidManifest.xml:144:13-36
181        <meta-data
181-->src\main\AndroidManifest.xml:145:9-147:40
182            android:name="com.onesignal.NotificationAccentColor.DEFAULT"
182-->src\main\AndroidManifest.xml:146:13-73
183            android:value="FFE62118" />
183-->src\main\AndroidManifest.xml:147:13-37
184        <meta-data
184-->src\main\AndroidManifest.xml:148:9-150:71
185            android:name="com.google.firebase.messaging.default_notification_channel_id"
185-->src\main\AndroidManifest.xml:149:13-89
186            android:value="@string/default_notification_channel_id" />
186-->src\main\AndroidManifest.xml:150:13-68
187
188        <uses-library
188-->src\main\AndroidManifest.xml:152:9-154:40
189            android:name="org.apache.http.legacy"
189-->src\main\AndroidManifest.xml:153:13-50
190            android:required="false" />
190-->src\main\AndroidManifest.xml:154:13-37
191
192        <activity
192-->[pub.devrel:easypermissions:3.0.0] AndroidManifest.xml:12:9-16:66
193            android:name="pub.devrel.easypermissions.AppSettingsDialogHolderActivity"
193-->[pub.devrel:easypermissions:3.0.0] AndroidManifest.xml:13:13-86
194            android:exported="false"
194-->[pub.devrel:easypermissions:3.0.0] AndroidManifest.xml:14:13-37
195            android:label=""
195-->[pub.devrel:easypermissions:3.0.0] AndroidManifest.xml:15:13-29
196            android:theme="@style/EasyPermissions.Transparent" /> <!-- The activities will be merged into the manifest of the hosting app. -->
196-->[pub.devrel:easypermissions:3.0.0] AndroidManifest.xml:16:13-63
197        <activity
197-->[com.google.android.play:core:1.7.3] AndroidManifest.xml:12:5-271
198            android:name="com.google.android.play.core.missingsplits.PlayCoreMissingSplitsActivity"
198-->[com.google.android.play:core:1.7.3] AndroidManifest.xml:12:15-102
199            android:enabled="false"
199-->[com.google.android.play:core:1.7.3] AndroidManifest.xml:12:103-126
200            android:exported="false"
200-->[com.google.android.play:core:1.7.3] AndroidManifest.xml:12:127-151
201            android:launchMode="singleInstance"
201-->[com.google.android.play:core:1.7.3] AndroidManifest.xml:12:204-239
202            android:process=":playcore_missing_splits_activity"
202-->[com.google.android.play:core:1.7.3] AndroidManifest.xml:12:152-203
203            android:stateNotNeeded="true" />
203-->[com.google.android.play:core:1.7.3] AndroidManifest.xml:12:240-269
204        <activity
204-->[com.google.android.play:core:1.7.3] AndroidManifest.xml:13:5-226
205            android:name="com.google.android.play.core.common.PlayCoreDialogWrapperActivity"
205-->[com.google.android.play:core:1.7.3] AndroidManifest.xml:13:15-95
206            android:enabled="false"
206-->[com.google.android.play:core:1.7.3] AndroidManifest.xml:13:96-119
207            android:exported="false"
207-->[com.google.android.play:core:1.7.3] AndroidManifest.xml:13:120-144
208            android:stateNotNeeded="true"
208-->[com.google.android.play:core:1.7.3] AndroidManifest.xml:13:145-174
209            android:theme="@style/Theme.PlayCore.Transparent" /> <!-- The service will be merged into the manifest of the hosting app. -->
209-->[com.google.android.play:core:1.7.3] AndroidManifest.xml:13:175-224
210        <service
210-->[com.google.android.play:core:1.7.3] AndroidManifest.xml:16:5-145
211            android:name="com.google.android.play.core.assetpacks.AssetPackExtractionService"
211-->[com.google.android.play:core:1.7.3] AndroidManifest.xml:16:14-95
212            android:enabled="false"
212-->[com.google.android.play:core:1.7.3] AndroidManifest.xml:16:96-119
213            android:exported="true" />
213-->[com.google.android.play:core:1.7.3] AndroidManifest.xml:16:120-143
214
215        <provider
215-->[com.squareup.picasso:picasso:2.71828] AndroidManifest.xml:8:9-11:40
216            android:name="com.squareup.picasso.PicassoProvider"
216-->[com.squareup.picasso:picasso:2.71828] AndroidManifest.xml:9:13-64
217            android:authorities="com.efsoft.hangmedia.com.squareup.picasso"
217-->[com.squareup.picasso:picasso:2.71828] AndroidManifest.xml:10:13-72
218            android:exported="false" />
218-->[com.squareup.picasso:picasso:2.71828] AndroidManifest.xml:11:13-37
219
220        <meta-data
220-->[com.onesignal:OneSignal:3.14.0] AndroidManifest.xml:49:9-51:51
221            android:name="onesignal_app_id"
221-->[com.onesignal:OneSignal:3.14.0] AndroidManifest.xml:50:13-44
222            android:value="f85276b0-1a2b-4efe-a3af-eecdc0929ad4" /> <!-- Deprecated - Pulled from OneSignal dashboard. -->
222-->[com.onesignal:OneSignal:3.14.0] AndroidManifest.xml:51:13-48
223        <meta-data
223-->[com.onesignal:OneSignal:3.14.0] AndroidManifest.xml:53:9-55:70
224            android:name="onesignal_google_project_number"
224-->[com.onesignal:OneSignal:3.14.0] AndroidManifest.xml:54:13-59
225            android:value="str:REMOTE" />
225-->[com.onesignal:OneSignal:3.14.0] AndroidManifest.xml:55:13-67
226
227        <receiver
227-->[com.onesignal:OneSignal:3.14.0] AndroidManifest.xml:57:9-67:20
228            android:name="com.onesignal.GcmBroadcastReceiver"
228-->[com.onesignal:OneSignal:3.14.0] AndroidManifest.xml:58:13-62
229            android:permission="com.google.android.c2dm.permission.SEND" >
229-->[com.onesignal:OneSignal:3.14.0] AndroidManifest.xml:59:13-73
230
231            <!-- High priority so OneSignal payloads can be filtered from other GCM receivers if filterOtherGCMReceivers is enabled. -->
232            <intent-filter android:priority="999" >
232-->[com.onesignal:OneSignal:3.14.0] AndroidManifest.xml:62:13-66:29
232-->[com.onesignal:OneSignal:3.14.0] AndroidManifest.xml:62:28-50
233                <action android:name="com.google.android.c2dm.intent.RECEIVE" />
233-->[com.onesignal:OneSignal:3.14.0] AndroidManifest.xml:63:17-81
233-->[com.onesignal:OneSignal:3.14.0] AndroidManifest.xml:63:25-78
234
235                <category android:name="com.efsoft.hangmedia" />
235-->[com.onesignal:OneSignal:3.14.0] AndroidManifest.xml:65:17-61
235-->[com.onesignal:OneSignal:3.14.0] AndroidManifest.xml:65:27-58
236            </intent-filter>
237        </receiver>
238        <receiver android:name="com.onesignal.NotificationOpenedReceiver" />
238-->[com.onesignal:OneSignal:3.14.0] AndroidManifest.xml:68:9-77
238-->[com.onesignal:OneSignal:3.14.0] AndroidManifest.xml:68:19-74
239
240        <service android:name="com.onesignal.GcmIntentService" />
240-->[com.onesignal:OneSignal:3.14.0] AndroidManifest.xml:70:9-66
240-->[com.onesignal:OneSignal:3.14.0] AndroidManifest.xml:70:18-63
241        <service
241-->[com.onesignal:OneSignal:3.14.0] AndroidManifest.xml:71:9-73:72
242            android:name="com.onesignal.GcmIntentJobService"
242-->[com.onesignal:OneSignal:3.14.0] AndroidManifest.xml:72:13-61
243            android:permission="android.permission.BIND_JOB_SERVICE" />
243-->[com.onesignal:OneSignal:3.14.0] AndroidManifest.xml:73:13-69
244        <service
244-->[com.onesignal:OneSignal:3.14.0] AndroidManifest.xml:74:9-76:72
245            android:name="com.onesignal.RestoreJobService"
245-->[com.onesignal:OneSignal:3.14.0] AndroidManifest.xml:75:13-59
246            android:permission="android.permission.BIND_JOB_SERVICE" />
246-->[com.onesignal:OneSignal:3.14.0] AndroidManifest.xml:76:13-69
247        <service
247-->[com.onesignal:OneSignal:3.14.0] AndroidManifest.xml:77:9-79:72
248            android:name="com.onesignal.RestoreKickoffJobService"
248-->[com.onesignal:OneSignal:3.14.0] AndroidManifest.xml:78:13-66
249            android:permission="android.permission.BIND_JOB_SERVICE" />
249-->[com.onesignal:OneSignal:3.14.0] AndroidManifest.xml:79:13-69
250        <service
250-->[com.onesignal:OneSignal:3.14.0] AndroidManifest.xml:80:9-82:43
251            android:name="com.onesignal.SyncService"
251-->[com.onesignal:OneSignal:3.14.0] AndroidManifest.xml:81:13-53
252            android:stopWithTask="true" />
252-->[com.onesignal:OneSignal:3.14.0] AndroidManifest.xml:82:13-40
253        <service
253-->[com.onesignal:OneSignal:3.14.0] AndroidManifest.xml:83:9-85:72
254            android:name="com.onesignal.SyncJobService"
254-->[com.onesignal:OneSignal:3.14.0] AndroidManifest.xml:84:13-56
255            android:permission="android.permission.BIND_JOB_SERVICE" />
255-->[com.onesignal:OneSignal:3.14.0] AndroidManifest.xml:85:13-69
256
257        <activity
257-->[com.onesignal:OneSignal:3.14.0] AndroidManifest.xml:87:9-89:75
258            android:name="com.onesignal.PermissionsActivity"
258-->[com.onesignal:OneSignal:3.14.0] AndroidManifest.xml:88:13-61
259            android:theme="@android:style/Theme.Translucent.NoTitleBar" />
259-->[com.onesignal:OneSignal:3.14.0] AndroidManifest.xml:89:13-72
260
261        <service android:name="com.onesignal.NotificationRestoreService" />
261-->[com.onesignal:OneSignal:3.14.0] AndroidManifest.xml:91:9-76
261-->[com.onesignal:OneSignal:3.14.0] AndroidManifest.xml:91:18-73
262
263        <receiver android:name="com.onesignal.BootUpReceiver" >
263-->[com.onesignal:OneSignal:3.14.0] AndroidManifest.xml:93:9-98:20
263-->[com.onesignal:OneSignal:3.14.0] AndroidManifest.xml:93:19-62
264            <intent-filter>
264-->[com.onesignal:OneSignal:3.14.0] AndroidManifest.xml:94:13-97:29
265                <action android:name="android.intent.action.BOOT_COMPLETED" />
265-->[com.onesignal:OneSignal:3.14.0] AndroidManifest.xml:95:17-79
265-->[com.onesignal:OneSignal:3.14.0] AndroidManifest.xml:95:25-76
266                <action android:name="android.intent.action.QUICKBOOT_POWERON" />
266-->[com.onesignal:OneSignal:3.14.0] AndroidManifest.xml:96:17-82
266-->[com.onesignal:OneSignal:3.14.0] AndroidManifest.xml:96:25-79
267            </intent-filter>
268        </receiver>
269        <receiver android:name="com.onesignal.UpgradeReceiver" >
269-->[com.onesignal:OneSignal:3.14.0] AndroidManifest.xml:99:9-103:20
269-->[com.onesignal:OneSignal:3.14.0] AndroidManifest.xml:99:19-63
270            <intent-filter>